<?xml version="1.0" encoding="UTF-8"?>
<!-- Generated by org.testng.reporters.JUnitReportReporter -->
<testsuite hostname="LAPTOP-BB4TPC37" failures="0" tests="1" name="testNG.Test0" time="0.007" errors="0" timestamp="2022-05-17T10:22:13 IST" skipped="0">
  <testcase classname="testNG.Test0" name="tc1" time="0.007"/>
  <system-out>
    <![CDATA[hello java
Selenium ]]>
  </system-out>
</testsuite> <!-- testNG.Test0 -->
