<?xml version="1.0" encoding="UTF-8"?>
<!-- Generated by org.testng.reporters.JUnitReportReporter -->
<testsuite hostname="LAPTOP-BB4TPC37" failures="0" tests="3" name="testNG.Test1" time="0.011" errors="0" timestamp="2022-05-17T11:18:32 IST" skipped="0">
  <testcase classname="testNG.Test1" name="chats" time="0.009"/>
  <system-out>
    <![CDATA[chats]]>
  </system-out>
  <testcase classname="testNG.Test1" name="setting" time="0.002"/>
  <system-out>
    <![CDATA[setting]]>
  </system-out>
  <testcase classname="testNG.Test1" name="calls" time="0.000"/>
  <system-out>
    <![CDATA[calls]]>
  </system-out>
</testsuite> <!-- testNG.Test1 -->
