<?xml version="1.0" encoding="UTF-8"?>
<!-- Generated by org.testng.reporters.JUnitReportReporter -->
<testsuite hostname="LAPTOP-BB4TPC37" failures="0" tests="1" name="testNG.Test3" time="0.011" errors="0" timestamp="2022-06-01T09:30:09 IST" skipped="0">
  <testcase classname="testNG.Test3" name="tc3" time="0.011"/>
  <system-out>
    <![CDATA[hello raashu
hello selenium]]>
  </system-out>
</testsuite> <!-- testNG.Test3 -->
